{"logTime": "1101/081511", "correlationVector":"ewguZig0Qx+O80oAPezpoD.0","action":"FeedSettingFetch_homeCloud", "result":"0", "context":{}}
{"logTime": "1101/081511", "correlationVector":"WBpTkE1Wfft2AlGprEQtZl.1","action":"SyncServerConnectionManagerRequest", "result":"SYNC_SERVER_OK", "context":{"environment":"Prod_SoutheastAsia_000j", "migrationStage":"NotStarted", "server":"GENERAL01000004"}}
{"logTime": "1101/081511", "correlationVector":"WBpTkE1Wfft2AlGprEQtZl","action":"Initial GetUpdates", "result":"", "context":Reason: NEW_CLIENT. cV=WBpTkE1Wfft2AlGprEQtZl}
{"logTime": "1101/081511", "correlationVector":"WBpTkE1Wfft2AlGprEQtZl.2","action":"GetUpdates Response", "result":"SYNCER_OK", "context":Received 1 update(s). cV=WBpTkE1Wfft2AlGprEQtZl.0;server=GENERAL01000004;cloudType=Consumer;environment=Prod_SoutheastAsia_000j;migrationStage=NotStarted}
{"logTime": "1101/081519", "correlationVector":"8BBg4CSdQzZJiz1vuZ5g+0","action":"SyncServerConnectionManagerRequest", "result":"SYNC_SERVER_OK", "context":{"environment":"", "migrationStage":"", "server":""}}
{"logTime": "1101/081519", "correlationVector":"IDyAViYRNPF1+LCqkE/Zg/","action":"Initial GetUpdates", "result":"", "context":Reason: NEW_CLIENT. cV=IDyAViYRNPF1+LCqkE/Zg/}
{"logTime": "1101/081520", "correlationVector":"IDyAViYRNPF1+LCqkE/Zg/.1","action":"SyncServerConnectionManagerRequest", "result":"SYNC_SERVER_OK", "context":{"environment":"Prod_SoutheastAsia_000j", "migrationStage":"NotStarted", "server":"GENERAL01000011"}}
{"logTime": "1101/081520", "correlationVector":"IDyAViYRNPF1+LCqkE/Zg/.2","action":"GetUpdates Response", "result":"SYNCER_OK", "context":Received 36 update(s). cV=IDyAViYRNPF1+LCqkE/Zg/.0;server=GENERAL01000011;cloudType=Consumer;environment=Prod_SoutheastAsia_000j;migrationStage=NotStarted}
{"logTime": "1101/081520", "correlationVector":"iSbCeBiWliU2MEzHickQJ+","action":"Initial GetUpdates", "result":"", "context":Reason: NEWLY_SUPPORTED_DATATYPE. cV=iSbCeBiWliU2MEzHickQJ+}
{"logTime": "1101/081520", "correlationVector":"iSbCeBiWliU2MEzHickQJ+.1","action":"SyncServerConnectionManagerRequest", "result":"SYNC_SERVER_OK", "context":{"environment":"Prod_SoutheastAsia_000j", "migrationStage":"NotStarted", "server":"GENERAL0100000T"}}
{"logTime": "1101/081520", "correlationVector":"iSbCeBiWliU2MEzHickQJ+.2","action":"GetUpdates Response", "result":"SYNCER_OK", "context":Received 7 update(s). cV=iSbCeBiWliU2MEzHickQJ+.0;server=GENERAL0100000T;cloudType=Consumer;environment=Prod_SoutheastAsia_000j;migrationStage=NotStarted}
{"logTime": "1101/081520", "correlationVector":"VGQod+YH/vgJSC6N57/SBe","action":"Initial GetUpdates", "result":"", "context":Reason: NEWLY_SUPPORTED_DATATYPE. cV=VGQod+YH/vgJSC6N57/SBe}
{"logTime": "1101/081521", "correlationVector":"VGQod+YH/vgJSC6N57/SBe.1","action":"SyncServerConnectionManagerRequest", "result":"SYNC_SERVER_OK", "context":{"environment":"Prod_SoutheastAsia_000j", "migrationStage":"NotStarted", "server":"GENERAL0100000Q"}}
{"logTime": "1101/081521", "correlationVector":"VGQod+YH/vgJSC6N57/SBe.2","action":"GetUpdates Response", "result":"SYNCER_OK", "context":Received 16 update(s). cV=VGQod+YH/vgJSC6N57/SBe.0;server=GENERAL0100000Q;cloudType=Consumer;environment=Prod_SoutheastAsia_000j;migrationStage=NotStarted}
{"logTime": "1101/081521", "correlationVector":"/bIjDRdvPLbNQbOqKgoYJz","action":"Normal GetUpdate request", "result":"", "context":cV=/bIjDRdvPLbNQbOqKgoYJz
Nudged types: Device Info, User Consents
Refresh requested types: Bookmarks, Preferences, Passwords, Autofill Profiles, Autofill, Autofill Custom Data, Extensions, Extension settings, Device Info, User Consents, Send Tab To Self, Web Apps, Collection, Edge E Drop, Edge Hub App Usage, Edge Wallet, Encryption Keys}
{"logTime": "1101/081522", "correlationVector":"/bIjDRdvPLbNQbOqKgoYJz.1","action":"SyncServerConnectionManagerRequest", "result":"SYNC_SERVER_OK", "context":{"environment":"Prod_SoutheastAsia_000j", "migrationStage":"NotStarted", "server":"GENERAL0100000E"}}
{"logTime": "1101/081522", "correlationVector":"/bIjDRdvPLbNQbOqKgoYJz.2","action":"GetUpdates Response", "result":"SYNCER_OK", "context":Received 0 update(s). cV=/bIjDRdvPLbNQbOqKgoYJz.0;server=GENERAL0100000E;cloudType=Consumer;environment=Prod_SoutheastAsia_000j;migrationStage=NotStarted}
{"logTime": "1101/081522", "correlationVector":"Y/eUPpOtnNxW6pZdu6xxDg","action":"Commit Request", "result":"", "context":Item count: 1
Contributing types: Device Info}
{"logTime": "1101/081523", "correlationVector":"Y/eUPpOtnNxW6pZdu6xxDg.1","action":"SyncServerConnectionManagerRequest", "result":"SYNC_SERVER_OK", "context":{"environment":"Prod_SoutheastAsia_000j", "migrationStage":"NotStarted", "server":"GENERAL0100000H"}}
{"logTime": "1101/081523", "correlationVector":"Y/eUPpOtnNxW6pZdu6xxDg.2","action":"Commit Response", "result":"SYNCER_OK", "context":Result: SYNCER_OK. cV=Y/eUPpOtnNxW6pZdu6xxDg.0;server=GENERAL0100000H;cloudType=Consumer;environment=Prod_SoutheastAsia_000j;migrationStage=NotStarted}
{"logTime": "1101/081523", "correlationVector":"Igox2NyUMKkurnen9Q+O9s","action":"Commit Request", "result":"", "context":Item count: 2
Contributing types: User Consents}
{"logTime": "1101/081524", "correlationVector":"Igox2NyUMKkurnen9Q+O9s.1","action":"SyncServerConnectionManagerRequest", "result":"SYNC_SERVER_OK", "context":{"environment":"Prod_SoutheastAsia_000j", "migrationStage":"NotStarted", "server":"GENERAL01000011"}}
{"logTime": "1101/081524", "correlationVector":"Igox2NyUMKkurnen9Q+O9s.2","action":"Commit Response", "result":"SYNCER_OK", "context":Result: SYNCER_OK. cV=Igox2NyUMKkurnen9Q+O9s.0;server=GENERAL01000011;cloudType=Consumer;environment=Prod_SoutheastAsia_000j;migrationStage=NotStarted}
